7/9/2019 9:46:20 AM	This log contains information about the import schema operation into project 'PHN_code_samp' on computer 'L345456' by user 'zyp9'.
7/9/2019 9:46:20 AM	Import of database schema has started.
7/9/2019 9:46:27 AM	Gathering database credentials
7/9/2019 9:46:27 AM	Gathering database options
7/9/2019 9:46:27 AM	Gathering users
7/9/2019 9:46:27 AM	Gathering roles
7/9/2019 9:46:27 AM	Gathering application roles
7/9/2019 9:46:27 AM	Gathering role memberships
7/9/2019 9:46:27 AM	Gathering filegroups
7/9/2019 9:46:27 AM	Gathering full-text catalogs
7/9/2019 9:46:27 AM	Gathering assemblies
7/9/2019 9:46:27 AM	Gathering certificates
7/9/2019 9:46:27 AM	Gathering asymmetric keys
7/9/2019 9:46:27 AM	Gathering symmetric keys
7/9/2019 9:46:27 AM	Gathering encrypted symmetric keys
7/9/2019 9:46:27 AM	Gathering schemas
7/9/2019 9:46:27 AM	Gathering XML schema collections
7/9/2019 9:46:27 AM	Gathering user-defined data types
7/9/2019 9:46:27 AM	Gathering user-defined types
7/9/2019 9:46:27 AM	Gathering table types
7/9/2019 9:46:27 AM	Gathering unique keys for table types
7/9/2019 9:46:27 AM	Gathering primary keys for table types
7/9/2019 9:46:27 AM	Gathering indexes for table types
7/9/2019 9:46:27 AM	Gathering check constraints for table types
7/9/2019 9:46:27 AM	Gathering default constraints for table types
7/9/2019 9:46:27 AM	Gathering partition functions
7/9/2019 9:46:27 AM	Gathering partition schemes
7/9/2019 9:46:27 AM	Gathering functions
7/9/2019 9:46:27 AM	Gathering encrypted functions
7/9/2019 9:46:27 AM	Gathering aggregates
7/9/2019 9:46:27 AM	Gathering procedures
7/9/2019 9:46:27 AM	Gathering encrypted procedures
7/9/2019 9:46:27 AM	Gathering tables
7/9/2019 9:46:27 AM	Gathering primary keys
7/9/2019 9:46:27 AM	Gathering unique constraints
7/9/2019 9:46:27 AM	Gathering foreign keys
7/9/2019 9:46:27 AM	Gathering default constraints
7/9/2019 9:46:27 AM	Gathering check constraints
7/9/2019 9:46:27 AM	Gathering views
7/9/2019 9:46:27 AM	Gathering encrypted views
7/9/2019 9:46:27 AM	Gathering indexes
7/9/2019 9:46:27 AM	Gathering statistics
7/9/2019 9:46:27 AM	Gathering full-text index stoplists
7/9/2019 9:46:27 AM	Gathering search property lists
7/9/2019 9:46:27 AM	Gathering search properties
7/9/2019 9:46:27 AM	Gathering full-text indexes
7/9/2019 9:46:28 AM	Gathering column store indexes
7/9/2019 9:46:28 AM	Gathering spatial indexes
7/9/2019 9:46:28 AM	Gathering XML indexes
7/9/2019 9:46:28 AM	Gathering Selective XML indexes
7/9/2019 9:46:28 AM	Gathering encrypted triggers
7/9/2019 9:46:28 AM	Gathering triggers
7/9/2019 9:46:28 AM	Gathering encrypted and clr ddl triggers
7/9/2019 9:46:28 AM	Gathering ddl triggers
7/9/2019 9:46:28 AM	Gathering synonyms
7/9/2019 9:46:28 AM	Gathering defaults
7/9/2019 9:46:28 AM	Gathering data constraint uddt bindings
7/9/2019 9:46:28 AM	Gathering rules
7/9/2019 9:46:28 AM	Gathering data constraint uddt bindings
7/9/2019 9:46:28 AM	Gathering message types
7/9/2019 9:46:28 AM	Gathering queues
7/9/2019 9:46:28 AM	Gathering contracts
7/9/2019 9:46:28 AM	Gathering services
7/9/2019 9:46:28 AM	Gathering event notifications
7/9/2019 9:46:28 AM	Gathering remote service bindings
7/9/2019 9:46:28 AM	Gathering broker priorities
7/9/2019 9:46:28 AM	Gathering signatures
7/9/2019 9:46:28 AM	Gathering data compression options
7/9/2019 9:46:28 AM	Gathering sequence types
7/9/2019 9:46:28 AM	Gathering security policies
7/9/2019 9:46:28 AM	Gather column encryption keys
7/9/2019 9:46:28 AM	Gathering column master keys
7/9/2019 9:46:28 AM	Gathering external data sources
7/9/2019 9:46:28 AM	Gathering external file formats
7/9/2019 9:46:28 AM	Gathering external tables
7/9/2019 9:46:28 AM	Gathering extended properties
7/9/2019 9:46:28 AM	Gathering credentials
7/9/2019 9:46:28 AM	Gathering logins
7/9/2019 9:46:28 AM	Gathering server audits
7/9/2019 9:46:29 AM	Finished importing database.
7/9/2019 9:46:29 AM	A summary of the import was saved to the following location: C:\Work\VS_projects\Projects\DHIS_DevOps_Vocab\Supplemental\PHN_code_samp\Import Schema Logs\PHN_code_samp_20190709014620.log
7/9/2019 9:46:29 AM	Click Finish to continue...
